<?xml version="1.0" encoding="UTF-8"?>
<testng-results ignored="0" total="3" passed="3" failed="0" skipped="0">
  <reporter-output>
  </reporter-output>
  <suite started-at="2024-01-30T23:45:23 EST" name="Default suite" finished-at="2024-01-30T23:45:35 EST" duration-ms="11402">
    <groups>
    </groups>
    <test started-at="2024-01-30T23:45:23 EST" name="Default test" finished-at="2024-01-30T23:45:35 EST" duration-ms="11402">
      <class name="testNG.Dataproviderclass">
        <test-method signature="checking(java.lang.String,java.lang.String,java.lang.String)[pri:0, instance:testNG.Dataproviderclass@6da21078]" started-at="2024-01-30T23:45:23 EST" name="checking" data-provider="dp" finished-at="2024-01-30T23:45:27 EST" duration-ms="3945" status="PASS">
          <params>
            <param index="0">
              <value>
                <![CDATA[admin]]>
              </value>
            </param>
            <param index="1">
              <value>
                <![CDATA[admin132]]>
              </value>
            </param>
            <param index="2">
              <value>
                <![CDATA[Wrong Credentials]]>
              </value>
            </param>
          </params>
          <reporter-output>
          </reporter-output>
        </test-method> <!-- checking -->
        <test-method signature="checking(java.lang.String,java.lang.String,java.lang.String)[pri:0, instance:testNG.Dataproviderclass@6da21078]" started-at="2024-01-30T23:45:27 EST" name="checking" data-provider="dp" finished-at="2024-01-30T23:45:31 EST" duration-ms="3475" status="PASS">
          <params>
            <param index="0">
              <value>
                <![CDATA[admin]]>
              </value>
            </param>
            <param index="1">
              <value>
                <![CDATA[admnhhj]]>
              </value>
            </param>
            <param index="2">
              <value>
                <![CDATA[Wrong Credentials]]>
              </value>
            </param>
          </params>
          <reporter-output>
          </reporter-output>
        </test-method> <!-- checking -->
        <test-method signature="checking(java.lang.String,java.lang.String,java.lang.String)[pri:0, instance:testNG.Dataproviderclass@6da21078]" started-at="2024-01-30T23:45:31 EST" name="checking" data-provider="dp" finished-at="2024-01-30T23:45:35 EST" duration-ms="3943" status="PASS">
          <params>
            <param index="0">
              <value>
                <![CDATA[admin@yourstore.com]]>
              </value>
            </param>
            <param index="1">
              <value>
                <![CDATA[admin]]>
              </value>
            </param>
            <param index="2">
              <value>
                <![CDATA[Test Passed]]>
              </value>
            </param>
          </params>
          <reporter-output>
          </reporter-output>
        </test-method> <!-- checking -->
      </class> <!-- testNG.Dataproviderclass -->
    </test> <!-- Default test -->
  </suite> <!-- Default suite -->
</testng-results>
