<?xml version="1.0" encoding="UTF-8"?>
<!-- Generated by org.testng.reporters.JUnitXMLReporter -->
<testsuite ignored="0" hostname="KuttyHP" failures="0" tests="3" name="Default test" time="11.402" errors="0" timestamp="2024-01-30T23:45:35 EST">
  <testcase classname="testNG.Dataproviderclass" name="checking" time="3.945"/>
  <testcase classname="testNG.Dataproviderclass" name="checking" time="3.475"/>
  <testcase classname="testNG.Dataproviderclass" name="checking" time="3.943"/>
</testsuite> <!-- Default test -->
